# JRE version: OpenJDK Runtime Environment (8.0_152-b06) (build 1.8.0_152-release-1136-b06)
# Java VM: OpenJDK 64-Bit Server VM (25.152-b06 mixed mode windows-amd64 compressed oops)
Heap:
 PSYoungGen      total 261120K, used 176836K [0x00000000e0000000, 0x00000000f5b00000, 0x0000000100000000)
  eden space 198656K, 73% used [0x00000000e0000000,0x00000000e8ed0f20,0x00000000ec200000)
  from space 62464K, 48% used [0x00000000ec200000,0x00000000edfe0368,0x00000000eff00000)
  to   space 66560K, 0% used [0x00000000f1a00000,0x00000000f1a00000,0x00000000f5b00000)
 ParOldGen       total 200192K, used 120776K [0x00000000a0000000, 0x00000000ac380000, 0x00000000e0000000)
  object space 200192K, 60% used [0x00000000a0000000,0x00000000a75f20e8,0x00000000ac380000)
 Metaspace       used 106695K, capacity 111456K, committed 111576K, reserved 1146880K
  class space    used 13310K, capacity 14477K, committed 14592K, reserved 1048576K
GC Heap History (10 events):
Event: 6305.789 GC heap before
{Heap before GC invocations=37 (full 4):
 PSYoungGen      total 265216K, used 252089K [0x00000000e0000000, 0x00000000f5b00000, 0x0000000100000000)
  eden space 198656K, 100% used [0x00000000e0000000,0x00000000ec200000,0x00000000ec200000)
  from space 66560K, 80% used [0x00000000f1a00000,0x00000000f4e2e7a0,0x00000000f5b00000)
  to   space 62464K, 0% used [0x00000000ec200000,0x00000000ec200000,0x00000000eff00000)
 ParOldGen       total 200192K, used 72408K [0x00000000a0000000, 0x00000000ac380000, 0x00000000e0000000)
  object space 200192K, 36% used [0x00000000a0000000,0x00000000a46b6228,0x00000000ac380000)
 Metaspace       used 104406K, capacity 108676K, committed 109400K, reserved 1144832K
  class space    used 12987K, capacity 14023K, committed 14208K, reserved 1048576K
Event: 6305.904 GC heap after
Heap after GC invocations=37 (full 4):
 PSYoungGen      total 261120K, used 62450K [0x00000000e0000000, 0x00000000f5b00000, 0x0000000100000000)
  eden space 198656K, 0% used [0x00000000e0000000,0x00000000e0000000,0x00000000ec200000)
  from space 62464K, 99% used [0x00000000ec200000,0x00000000efefc988,0x00000000eff00000)
  to   space 66560K, 0% used [0x00000000f1a00000,0x00000000f1a00000,0x00000000f5b00000)
 ParOldGen       total 200192K, used 72896K [0x00000000a0000000, 0x00000000ac380000, 0x00000000e0000000)
  object space 200192K, 36% used [0x00000000a0000000,0x00000000a4730228,0x00000000ac380000)
 Metaspace       used 104406K, capacity 108676K, committed 109400K, reserved 1144832K
  class space    used 12987K, capacity 14023K, committed 14208K, reserved 1048576K
}
Event: 6313.428 GC heap before
{Heap before GC invocations=38 (full 4):
 PSYoungGen      total 261120K, used 261106K [0x00000000e0000000, 0x00000000f5b00000, 0x0000000100000000)
  eden space 198656K, 100% used [0x00000000e0000000,0x00000000ec200000,0x00000000ec200000)
  from space 62464K, 99% used [0x00000000ec200000,0x00000000efefc988,0x00000000eff00000)
  to   space 66560K, 0% used [0x00000000f1a00000,0x00000000f1a00000,0x00000000f5b00000)
 ParOldGen       total 200192K, used 72907K [0x00000000a0000000, 0x00000000ac380000, 0x00000000e0000000)
  object space 200192K, 36% used [0x00000000a0000000,0x00000000a4732d70,0x00000000ac380000)
 Metaspace       used 105327K, capacity 109802K, committed 110040K, reserved 1144832K
  class space    used 13131K, capacity 14246K, committed 14336K, reserved 1048576K
Event: 6313.678 GC heap after
Heap after GC invocations=38 (full 4):
 PSYoungGen      total 265216K, used 66541K [0x00000000e0000000, 0x00000000f5b00000, 0x0000000100000000)
  eden space 198656K, 0% used [0x00000000e0000000,0x00000000e0000000,0x00000000ec200000)
  from space 66560K, 99% used [0x00000000f1a00000,0x00000000f5afb518,0x00000000f5b00000)
  to   space 62464K, 0% used [0x00000000ec200000,0x00000000ec200000,0x00000000eff00000)
 ParOldGen       total 200192K, used 76549K [0x00000000a0000000, 0x00000000ac380000, 0x00000000e0000000)
  object space 200192K, 38% used [0x00000000a0000000,0x00000000a4ac1730,0x00000000ac380000)
 Metaspace       used 105327K, capacity 109802K, committed 110040K, reserved 1144832K
  class space    used 13131K, capacity 14246K, committed 14336K, reserved 1048576K
}
Event: 6313.904 GC heap before
{Heap before GC invocations=39 (full 4):
 PSYoungGen      total 265216K, used 264712K [0x00000000e0000000, 0x00000000f5b00000, 0x0000000100000000)
  eden space 198656K, 99% used [0x00000000e0000000,0x00000000ec186d80,0x00000000ec200000)
  from space 66560K, 99% used [0x00000000f1a00000,0x00000000f5afb518,0x00000000f5b00000)
  to   space 62464K, 0% used [0x00000000ec200000,0x00000000ec200000,0x00000000eff00000)
 ParOldGen       total 200192K, used 76549K [0x00000000a0000000, 0x00000000ac380000, 0x00000000e0000000)
  object space 200192K, 38% used [0x00000000a0000000,0x00000000a4ac1730,0x00000000ac380000)
 Metaspace       used 105383K, capacity 109836K, committed 110040K, reserved 1144832K
  class space    used 13142K, capacity 14255K, committed 14336K, reserved 1048576K
Event: 6314.102 GC heap after
Heap after GC invocations=39 (full 4):
 PSYoungGen      total 261120K, used 53292K [0x00000000e0000000, 0x00000000f5b00000, 0x0000000100000000)
  eden space 198656K, 0% used [0x00000000e0000000,0x00000000e0000000,0x00000000ec200000)
  from space 62464K, 85% used [0x00000000ec200000,0x00000000ef60b120,0x00000000eff00000)
  to   space 66560K, 0% used [0x00000000f1a00000,0x00000000f1a00000,0x00000000f5b00000)
 ParOldGen       total 200192K, used 89289K [0x00000000a0000000, 0x00000000ac380000, 0x00000000e0000000)
  object space 200192K, 44% used [0x00000000a0000000,0x00000000a57325f0,0x00000000ac380000)
 Metaspace       used 105383K, capacity 109836K, committed 110040K, reserved 1144832K
  class space    used 13142K, capacity 14255K, committed 14336K, reserved 1048576K
}
Event: 6321.099 GC heap before
{Heap before GC invocations=40 (full 4):
 PSYoungGen      total 261120K, used 251948K [0x00000000e0000000, 0x00000000f5b00000, 0x0000000100000000)
  eden space 198656K, 100% used [0x00000000e0000000,0x00000000ec200000,0x00000000ec200000)
  from space 62464K, 85% used [0x00000000ec200000,0x00000000ef60b120,0x00000000eff00000)
  to   space 66560K, 0% used [0x00000000f1a00000,0x00000000f1a00000,0x00000000f5b00000)
 ParOldGen       total 200192K, used 89289K [0x00000000a0000000, 0x00000000ac380000, 0x00000000e0000000)
  object space 200192K, 44% used [0x00000000a0000000,0x00000000a57325f0,0x00000000ac380000)
 Metaspace       used 105995K, capacity 110608K, committed 110936K, reserved 1146880K
  class space    used 13236K, capacity 14361K, committed 14464K, reserved 1048576K
Event: 6321.210 GC heap after
Heap after GC invocations=40 (full 4):
 PSYoungGen      total 265216K, used 37782K [0x00000000e0000000, 0x00000000f5b00000, 0x0000000100000000)
  eden space 198656K, 0% used [0x00000000e0000000,0x00000000e0000000,0x00000000ec200000)
  from space 66560K, 56% used [0x00000000f1a00000,0x00000000f3ee5a78,0x00000000f5b00000)
  to   space 62464K, 0% used [0x00000000ec200000,0x00000000ec200000,0x00000000eff00000)
 ParOldGen       total 200192K, used 110509K [0x00000000a0000000, 0x00000000ac380000, 0x00000000e0000000)
  object space 200192K, 55% used [0x00000000a0000000,0x00000000a6beb438,0x00000000ac380000)
 Metaspace       used 105995K, capacity 110608K, committed 110936K, reserved 1146880K
  class space    used 13236K, capacity 14361K, committed 14464K, reserved 1048576K
}
Event: 6335.460 GC heap before
{Heap before GC invocations=41 (full 4):
 PSYoungGen      total 265216K, used 236438K [0x00000000e0000000, 0x00000000f5b00000, 0x0000000100000000)
  eden space 198656K, 100% used [0x00000000e0000000,0x00000000ec200000,0x00000000ec200000)
  from space 66560K, 56% used [0x00000000f1a00000,0x00000000f3ee5a78,0x00000000f5b00000)
  to   space 62464K, 0% used [0x00000000ec200000,0x00000000ec200000,0x00000000eff00000)
 ParOldGen       total 200192K, used 110509K [0x00000000a0000000, 0x00000000ac380000, 0x00000000e0000000)
  object space 200192K, 55% used [0x00000000a0000000,0x00000000a6beb438,0x00000000ac380000)
 Metaspace       used 106160K, capacity 110800K, committed 110936K, reserved 1146880K
  class space    used 13254K, capacity 14387K, committed 14464K, reserved 1048576K
Event: 6335.543 GC heap after
Heap after GC invocations=41 (full 4):
 PSYoungGen      total 261120K, used 30592K [0x00000000e0000000, 0x00000000f5b00000, 0x0000000100000000)
  eden space 198656K, 0% used [0x00000000e0000000,0x00000000e0000000,0x00000000ec200000)
  from space 62464K, 48% used [0x00000000ec200000,0x00000000edfe0368,0x00000000eff00000)
  to   space 66560K, 0% used [0x00000000f1a00000,0x00000000f1a00000,0x00000000f5b00000)
 ParOldGen       total 200192K, used 120776K [0x00000000a0000000, 0x00000000ac380000, 0x00000000e0000000)
  object space 200192K, 60% used [0x00000000a0000000,0x00000000a75f20e8,0x00000000ac380000)
 Metaspace       used 106160K, capacity 110800K, committed 110936K, reserved 1146880K
  class space    used 13254K, capacity 14387K, committed 14464K, reserved 1048576K
}

