# JRE version: OpenJDK Runtime Environment (8.0_152-b06) (build 1.8.0_152-release-1136-b06)
# Java VM: OpenJDK 64-Bit Server VM (25.152-b06 mixed mode windows-amd64 compressed oops)
Heap:
 PSYoungGen      total 302080K, used 43773K [0x00000000e0000000, 0x00000000f5300000, 0x0000000100000000)
  eden space 279040K, 13% used [0x00000000e0000000,0x00000000e23c90d0,0x00000000f1080000)
  from space 23040K, 30% used [0x00000000f2580000,0x00000000f2c764a8,0x00000000f3c00000)
  to   space 21504K, 0% used [0x00000000f1080000,0x00000000f1080000,0x00000000f2580000)
 ParOldGen       total 145920K, used 79244K [0x00000000a0000000, 0x00000000a8e80000, 0x00000000e0000000)
  object space 145920K, 54% used [0x00000000a0000000,0x00000000a4d630f0,0x00000000a8e80000)
 Metaspace       used 83663K, capacity 87310K, committed 87552K, reserved 1124352K
  class space    used 10845K, capacity 11677K, committed 11776K, reserved 1048576K
GC Heap History (10 events):
Event: 139.692 GC heap before
{Heap before GC invocations=25 (full 3):
 PSYoungGen      total 268800K, used 249791K [0x00000000e0000000, 0x00000000f3e00000, 0x0000000100000000)
  eden space 242688K, 100% used [0x00000000e0000000,0x00000000eed00000,0x00000000eed00000)
  from space 26112K, 27% used [0x00000000eed00000,0x00000000ef3effc8,0x00000000f0680000)
  to   space 25088K, 0% used [0x00000000f2580000,0x00000000f2580000,0x00000000f3e00000)
 ParOldGen       total 145920K, used 79220K [0x00000000a0000000, 0x00000000a8e80000, 0x00000000e0000000)
  object space 145920K, 54% used [0x00000000a0000000,0x00000000a4d5d0f0,0x00000000a8e80000)
 Metaspace       used 83508K, capacity 87234K, committed 87552K, reserved 1124352K
  class space    used 10843K, capacity 11675K, committed 11776K, reserved 1048576K
Event: 139.737 GC heap after
Heap after GC invocations=25 (full 3):
 PSYoungGen      total 297472K, used 8436K [0x00000000e0000000, 0x00000000f3c00000, 0x0000000100000000)
  eden space 274432K, 0% used [0x00000000e0000000,0x00000000e0000000,0x00000000f0c00000)
  from space 23040K, 36% used [0x00000000f2580000,0x00000000f2dbd3f8,0x00000000f3c00000)
  to   space 24576K, 0% used [0x00000000f0c00000,0x00000000f0c00000,0x00000000f2400000)
 ParOldGen       total 145920K, used 79228K [0x00000000a0000000, 0x00000000a8e80000, 0x00000000e0000000)
  object space 145920K, 54% used [0x00000000a0000000,0x00000000a4d5f0f0,0x00000000a8e80000)
 Metaspace       used 83508K, capacity 87234K, committed 87552K, reserved 1124352K
  class space    used 10843K, capacity 11675K, committed 11776K, reserved 1048576K
}
Event: 142.111 GC heap before
{Heap before GC invocations=26 (full 3):
 PSYoungGen      total 297472K, used 282868K [0x00000000e0000000, 0x00000000f3c00000, 0x0000000100000000)
  eden space 274432K, 100% used [0x00000000e0000000,0x00000000f0c00000,0x00000000f0c00000)
  from space 23040K, 36% used [0x00000000f2580000,0x00000000f2dbd3f8,0x00000000f3c00000)
  to   space 24576K, 0% used [0x00000000f0c00000,0x00000000f0c00000,0x00000000f2400000)
 ParOldGen       total 145920K, used 79228K [0x00000000a0000000, 0x00000000a8e80000, 0x00000000e0000000)
  object space 145920K, 54% used [0x00000000a0000000,0x00000000a4d5f0f0,0x00000000a8e80000)
 Metaspace       used 83542K, capacity 87242K, committed 87552K, reserved 1124352K
  class space    used 10843K, capacity 11675K, committed 11776K, reserved 1048576K
Event: 142.186 GC heap after
Heap after GC invocations=26 (full 3):
 PSYoungGen      total 299008K, used 8323K [0x00000000e0000000, 0x00000000f3c00000, 0x0000000100000000)
  eden space 274432K, 0% used [0x00000000e0000000,0x00000000e0000000,0x00000000f0c00000)
  from space 24576K, 33% used [0x00000000f0c00000,0x00000000f1420cb8,0x00000000f2400000)
  to   space 23040K, 0% used [0x00000000f2580000,0x00000000f2580000,0x00000000f3c00000)
 ParOldGen       total 145920K, used 79236K [0x00000000a0000000, 0x00000000a8e80000, 0x00000000e0000000)
  object space 145920K, 54% used [0x00000000a0000000,0x00000000a4d610f0,0x00000000a8e80000)
 Metaspace       used 83542K, capacity 87242K, committed 87552K, reserved 1124352K
  class space    used 10843K, capacity 11675K, committed 11776K, reserved 1048576K
}
Event: 144.620 GC heap before
{Heap before GC invocations=27 (full 3):
 PSYoungGen      total 299008K, used 282755K [0x00000000e0000000, 0x00000000f3c00000, 0x0000000100000000)
  eden space 274432K, 100% used [0x00000000e0000000,0x00000000f0c00000,0x00000000f0c00000)
  from space 24576K, 33% used [0x00000000f0c00000,0x00000000f1420cb8,0x00000000f2400000)
  to   space 23040K, 0% used [0x00000000f2580000,0x00000000f2580000,0x00000000f3c00000)
 ParOldGen       total 145920K, used 79236K [0x00000000a0000000, 0x00000000a8e80000, 0x00000000e0000000)
  object space 145920K, 54% used [0x00000000a0000000,0x00000000a4d610f0,0x00000000a8e80000)
 Metaspace       used 83563K, capacity 87242K, committed 87552K, reserved 1124352K
  class space    used 10843K, capacity 11675K, committed 11776K, reserved 1048576K
Event: 144.741 GC heap after
Heap after GC invocations=27 (full 3):
 PSYoungGen      total 297472K, used 7342K [0x00000000e0000000, 0x00000000f3c00000, 0x0000000100000000)
  eden space 274432K, 0% used [0x00000000e0000000,0x00000000e0000000,0x00000000f0c00000)
  from space 23040K, 31% used [0x00000000f2580000,0x00000000f2cab9f8,0x00000000f3c00000)
  to   space 24576K, 0% used [0x00000000f0c00000,0x00000000f0c00000,0x00000000f2400000)
 ParOldGen       total 145920K, used 79236K [0x00000000a0000000, 0x00000000a8e80000, 0x00000000e0000000)
  object space 145920K, 54% used [0x00000000a0000000,0x00000000a4d610f0,0x00000000a8e80000)
 Metaspace       used 83563K, capacity 87242K, committed 87552K, reserved 1124352K
  class space    used 10843K, capacity 11675K, committed 11776K, reserved 1048576K
}
Event: 148.737 GC heap before
{Heap before GC invocations=28 (full 3):
 PSYoungGen      total 297472K, used 281774K [0x00000000e0000000, 0x00000000f3c00000, 0x0000000100000000)
  eden space 274432K, 100% used [0x00000000e0000000,0x00000000f0c00000,0x00000000f0c00000)
  from space 23040K, 31% used [0x00000000f2580000,0x00000000f2cab9f8,0x00000000f3c00000)
  to   space 24576K, 0% used [0x00000000f0c00000,0x00000000f0c00000,0x00000000f2400000)
 ParOldGen       total 145920K, used 79236K [0x00000000a0000000, 0x00000000a8e80000, 0x00000000e0000000)
  object space 145920K, 54% used [0x00000000a0000000,0x00000000a4d610f0,0x00000000a8e80000)
 Metaspace       used 83601K, capacity 87308K, committed 87552K, reserved 1124352K
  class space    used 10844K, capacity 11676K, committed 11776K, reserved 1048576K
Event: 148.777 GC heap after
Heap after GC invocations=28 (full 3):
 PSYoungGen      total 299008K, used 7817K [0x00000000e0000000, 0x00000000f3c00000, 0x0000000100000000)
  eden space 274432K, 0% used [0x00000000e0000000,0x00000000e0000000,0x00000000f0c00000)
  from space 24576K, 31% used [0x00000000f0c00000,0x00000000f13a2498,0x00000000f2400000)
  to   space 23040K, 0% used [0x00000000f2580000,0x00000000f2580000,0x00000000f3c00000)
 ParOldGen       total 145920K, used 79236K [0x00000000a0000000, 0x00000000a8e80000, 0x00000000e0000000)
  object space 145920K, 54% used [0x00000000a0000000,0x00000000a4d610f0,0x00000000a8e80000)
 Metaspace       used 83601K, capacity 87308K, committed 87552K, reserved 1124352K
  class space    used 10844K, capacity 11676K, committed 11776K, reserved 1048576K
}
Event: 152.360 GC heap before
{Heap before GC invocations=29 (full 3):
 PSYoungGen      total 299008K, used 282249K [0x00000000e0000000, 0x00000000f3c00000, 0x0000000100000000)
  eden space 274432K, 100% used [0x00000000e0000000,0x00000000f0c00000,0x00000000f0c00000)
  from space 24576K, 31% used [0x00000000f0c00000,0x00000000f13a2498,0x00000000f2400000)
  to   space 23040K, 0% used [0x00000000f2580000,0x00000000f2580000,0x00000000f3c00000)
 ParOldGen       total 145920K, used 79236K [0x00000000a0000000, 0x00000000a8e80000, 0x00000000e0000000)
  object space 145920K, 54% used [0x00000000a0000000,0x00000000a4d610f0,0x00000000a8e80000)
 Metaspace       used 83652K, capacity 87310K, committed 87552K, reserved 1124352K
  class space    used 10845K, capacity 11677K, committed 11776K, reserved 1048576K
Event: 152.396 GC heap after
Heap after GC invocations=29 (full 3):
 PSYoungGen      total 302080K, used 7129K [0x00000000e0000000, 0x00000000f5300000, 0x0000000100000000)
  eden space 279040K, 0% used [0x00000000e0000000,0x00000000e0000000,0x00000000f1080000)
  from space 23040K, 30% used [0x00000000f2580000,0x00000000f2c764a8,0x00000000f3c00000)
  to   space 21504K, 0% used [0x00000000f1080000,0x00000000f1080000,0x00000000f2580000)
 ParOldGen       total 145920K, used 79244K [0x00000000a0000000, 0x00000000a8e80000, 0x00000000e0000000)
  object space 145920K, 54% used [0x00000000a0000000,0x00000000a4d630f0,0x00000000a8e80000)
 Metaspace       used 83652K, capacity 87310K, committed 87552K, reserved 1124352K
  class space    used 10845K, capacity 11677K, committed 11776K, reserved 1048576K
}

