# JRE version: OpenJDK Runtime Environment (8.0_152-b06) (build 1.8.0_152-release-1136-b06)
# Java VM: OpenJDK 64-Bit Server VM (25.152-b06 mixed mode windows-amd64 compressed oops)
Heap:
 PSYoungGen      total 344064K, used 160116K [0x00000000e0000000, 0x00000000f6f80000, 0x0000000100000000)
  eden space 312320K, 44% used [0x00000000e0000000,0x00000000e882e030,0x00000000f3100000)
  from space 31744K, 65% used [0x00000000f3100000,0x00000000f452f240,0x00000000f5000000)
  to   space 31744K, 0% used [0x00000000f5000000,0x00000000f5000000,0x00000000f6f00000)
 ParOldGen       total 140288K, used 40857K [0x00000000a0000000, 0x00000000a8900000, 0x00000000e0000000)
  object space 140288K, 29% used [0x00000000a0000000,0x00000000a27e6528,0x00000000a8900000)
 Metaspace       used 74940K, capacity 77798K, committed 77824K, reserved 1116160K
  class space    used 9877K, capacity 10482K, committed 10496K, reserved 1048576K
GC Heap History (10 events):
Event: 55.658 GC heap before
{Heap before GC invocations=18 (full 3):
 PSYoungGen      total 344064K, used 332054K [0x00000000e0000000, 0x00000000f6f80000, 0x0000000100000000)
  eden space 312320K, 100% used [0x00000000e0000000,0x00000000f3100000,0x00000000f3100000)
  from space 31744K, 62% used [0x00000000f5000000,0x00000000f6345ba8,0x00000000f6f00000)
  to   space 31744K, 0% used [0x00000000f3100000,0x00000000f3100000,0x00000000f5000000)
 ParOldGen       total 140288K, used 40817K [0x00000000a0000000, 0x00000000a8900000, 0x00000000e0000000)
  object space 140288K, 29% used [0x00000000a0000000,0x00000000a27dc528,0x00000000a8900000)
 Metaspace       used 74627K, capacity 77434K, committed 77568K, reserved 1116160K
  class space    used 9862K, capacity 10448K, committed 10496K, reserved 1048576K
Event: 55.776 GC heap after
Heap after GC invocations=18 (full 3):
 PSYoungGen      total 344064K, used 19699K [0x00000000e0000000, 0x00000000f6f80000, 0x0000000100000000)
  eden space 312320K, 0% used [0x00000000e0000000,0x00000000e0000000,0x00000000f3100000)
  from space 31744K, 62% used [0x00000000f3100000,0x00000000f443ceb8,0x00000000f5000000)
  to   space 31744K, 0% used [0x00000000f5000000,0x00000000f5000000,0x00000000f6f00000)
 ParOldGen       total 140288K, used 40825K [0x00000000a0000000, 0x00000000a8900000, 0x00000000e0000000)
  object space 140288K, 29% used [0x00000000a0000000,0x00000000a27de528,0x00000000a8900000)
 Metaspace       used 74627K, capacity 77434K, committed 77568K, reserved 1116160K
  class space    used 9862K, capacity 10448K, committed 10496K, reserved 1048576K
}
Event: 58.411 GC heap before
{Heap before GC invocations=19 (full 3):
 PSYoungGen      total 344064K, used 332019K [0x00000000e0000000, 0x00000000f6f80000, 0x0000000100000000)
  eden space 312320K, 100% used [0x00000000e0000000,0x00000000f3100000,0x00000000f3100000)
  from space 31744K, 62% used [0x00000000f3100000,0x00000000f443ceb8,0x00000000f5000000)
  to   space 31744K, 0% used [0x00000000f5000000,0x00000000f5000000,0x00000000f6f00000)
 ParOldGen       total 140288K, used 40825K [0x00000000a0000000, 0x00000000a8900000, 0x00000000e0000000)
  object space 140288K, 29% used [0x00000000a0000000,0x00000000a27de528,0x00000000a8900000)
 Metaspace       used 74758K, capacity 77594K, committed 77824K, reserved 1116160K
  class space    used 9875K, capacity 10480K, committed 10496K, reserved 1048576K
Event: 58.495 GC heap after
Heap after GC invocations=19 (full 3):
 PSYoungGen      total 344064K, used 20888K [0x00000000e0000000, 0x00000000f6f80000, 0x0000000100000000)
  eden space 312320K, 0% used [0x00000000e0000000,0x00000000e0000000,0x00000000f3100000)
  from space 31744K, 65% used [0x00000000f5000000,0x00000000f64661f0,0x00000000f6f00000)
  to   space 31744K, 0% used [0x00000000f3100000,0x00000000f3100000,0x00000000f5000000)
 ParOldGen       total 140288K, used 40833K [0x00000000a0000000, 0x00000000a8900000, 0x00000000e0000000)
  object space 140288K, 29% used [0x00000000a0000000,0x00000000a27e0528,0x00000000a8900000)
 Metaspace       used 74758K, capacity 77594K, committed 77824K, reserved 1116160K
  class space    used 9875K, capacity 10480K, committed 10496K, reserved 1048576K
}
Event: 61.923 GC heap before
{Heap before GC invocations=20 (full 3):
 PSYoungGen      total 344064K, used 333208K [0x00000000e0000000, 0x00000000f6f80000, 0x0000000100000000)
  eden space 312320K, 100% used [0x00000000e0000000,0x00000000f3100000,0x00000000f3100000)
  from space 31744K, 65% used [0x00000000f5000000,0x00000000f64661f0,0x00000000f6f00000)
  to   space 31744K, 0% used [0x00000000f3100000,0x00000000f3100000,0x00000000f5000000)
 ParOldGen       total 140288K, used 40833K [0x00000000a0000000, 0x00000000a8900000, 0x00000000e0000000)
  object space 140288K, 29% used [0x00000000a0000000,0x00000000a27e0528,0x00000000a8900000)
 Metaspace       used 74787K, capacity 77602K, committed 77824K, reserved 1116160K
  class space    used 9875K, capacity 10480K, committed 10496K, reserved 1048576K
Event: 61.977 GC heap after
Heap after GC invocations=20 (full 3):
 PSYoungGen      total 344064K, used 20723K [0x00000000e0000000, 0x00000000f6f80000, 0x0000000100000000)
  eden space 312320K, 0% used [0x00000000e0000000,0x00000000e0000000,0x00000000f3100000)
  from space 31744K, 65% used [0x00000000f3100000,0x00000000f453cca8,0x00000000f5000000)
  to   space 31744K, 0% used [0x00000000f5000000,0x00000000f5000000,0x00000000f6f00000)
 ParOldGen       total 140288K, used 40841K [0x00000000a0000000, 0x00000000a8900000, 0x00000000e0000000)
  object space 140288K, 29% used [0x00000000a0000000,0x00000000a27e2528,0x00000000a8900000)
 Metaspace       used 74787K, capacity 77602K, committed 77824K, reserved 1116160K
  class space    used 9875K, capacity 10480K, committed 10496K, reserved 1048576K
}
Event: 65.509 GC heap before
{Heap before GC invocations=21 (full 3):
 PSYoungGen      total 344064K, used 333043K [0x00000000e0000000, 0x00000000f6f80000, 0x0000000100000000)
  eden space 312320K, 100% used [0x00000000e0000000,0x00000000f3100000,0x00000000f3100000)
  from space 31744K, 65% used [0x00000000f3100000,0x00000000f453cca8,0x00000000f5000000)
  to   space 31744K, 0% used [0x00000000f5000000,0x00000000f5000000,0x00000000f6f00000)
 ParOldGen       total 140288K, used 40841K [0x00000000a0000000, 0x00000000a8900000, 0x00000000e0000000)
  object space 140288K, 29% used [0x00000000a0000000,0x00000000a27e2528,0x00000000a8900000)
 Metaspace       used 74844K, capacity 77668K, committed 77824K, reserved 1116160K
  class space    used 9876K, capacity 10481K, committed 10496K, reserved 1048576K
Event: 65.562 GC heap after
Heap after GC invocations=21 (full 3):
 PSYoungGen      total 344064K, used 19623K [0x00000000e0000000, 0x00000000f6f80000, 0x0000000100000000)
  eden space 312320K, 0% used [0x00000000e0000000,0x00000000e0000000,0x00000000f3100000)
  from space 31744K, 61% used [0x00000000f5000000,0x00000000f6329fc0,0x00000000f6f00000)
  to   space 31744K, 0% used [0x00000000f3100000,0x00000000f3100000,0x00000000f5000000)
 ParOldGen       total 140288K, used 40849K [0x00000000a0000000, 0x00000000a8900000, 0x00000000e0000000)
  object space 140288K, 29% used [0x00000000a0000000,0x00000000a27e4528,0x00000000a8900000)
 Metaspace       used 74844K, capacity 77668K, committed 77824K, reserved 1116160K
  class space    used 9876K, capacity 10481K, committed 10496K, reserved 1048576K
}
Event: 68.479 GC heap before
{Heap before GC invocations=22 (full 3):
 PSYoungGen      total 344064K, used 331943K [0x00000000e0000000, 0x00000000f6f80000, 0x0000000100000000)
  eden space 312320K, 100% used [0x00000000e0000000,0x00000000f3100000,0x00000000f3100000)
  from space 31744K, 61% used [0x00000000f5000000,0x00000000f6329fc0,0x00000000f6f00000)
  to   space 31744K, 0% used [0x00000000f3100000,0x00000000f3100000,0x00000000f5000000)
 ParOldGen       total 140288K, used 40849K [0x00000000a0000000, 0x00000000a8900000, 0x00000000e0000000)
  object space 140288K, 29% used [0x00000000a0000000,0x00000000a27e4528,0x00000000a8900000)
 Metaspace       used 74877K, capacity 77734K, committed 77824K, reserved 1116160K
  class space    used 9877K, capacity 10482K, committed 10496K, reserved 1048576K
Event: 68.552 GC heap after
Heap after GC invocations=22 (full 3):
 PSYoungGen      total 344064K, used 20668K [0x00000000e0000000, 0x00000000f6f80000, 0x0000000100000000)
  eden space 312320K, 0% used [0x00000000e0000000,0x00000000e0000000,0x00000000f3100000)
  from space 31744K, 65% used [0x00000000f3100000,0x00000000f452f240,0x00000000f5000000)
  to   space 31744K, 0% used [0x00000000f5000000,0x00000000f5000000,0x00000000f6f00000)
 ParOldGen       total 140288K, used 40857K [0x00000000a0000000, 0x00000000a8900000, 0x00000000e0000000)
  object space 140288K, 29% used [0x00000000a0000000,0x00000000a27e6528,0x00000000a8900000)
 Metaspace       used 74877K, capacity 77734K, committed 77824K, reserved 1116160K
  class space    used 9877K, capacity 10482K, committed 10496K, reserved 1048576K
}

